2021-05-02 18:38:42,834 INFO i.m.GestioneLogin [http-nio-8080-exec-70] utente sta accedendo all'applicazione username_utente= Tanase_Sebastian
2021-05-02 18:38:43,345 INFO i.m.GestioneLogin [http-nio-8080-exec-70] utente non riconosciuto,rimando su login.jsp e avviso l'utente delle credenziali probabilmente errate.
2021-05-02 18:40:20,228 INFO i.m.GestioneLogin [http-nio-8080-exec-63] utente sta accedendo all'applicazione username_utente= Tanase_Sebastian
2021-05-02 18:40:20,634 INFO i.m.GestioneLogin [http-nio-8080-exec-63] utente non riconosciuto,rimando su login.jsp e avviso l'utente delle credenziali probabilmente errate.
2021-05-02 19:16:09,757 INFO i.m.GestioneLogin [http-nio-8080-exec-79] utente sta accedendo all'applicazione username_utente= Tanase_Sebastian
2021-05-02 19:24:03,144 INFO i.m.GestioneLogin [http-nio-8080-exec-81] utente sta accedendo all'applicazione username_utente= Tanase_Sebastian
2021-05-02 19:25:26,856 INFO i.m.GestioneLogin [http-nio-8080-exec-85] utente sta accedendo all'applicazione username_utente= Tanase_Sebastian
2021-05-02 19:35:45,690 INFO i.m.GestioneLogin [http-nio-8080-exec-103] utente sta accedendo all'applicazione username_utente= Tanase_Sebastian
2021-05-02 19:35:45,896 INFO i.m.DBManager [http-nio-8080-exec-103] Dipendente [codiceDipendente=1, cf=TNSRNOZTCRNSDJNS, nome=Sebastian, cognome=Tanase, username=Tanase_Sebastian, email=sebastiantanase18@gmail.com, phone=3490596202, psw=85417538419a78449dfaf7674eb36fe1, qualifica=dirigenti, dataAssunzione=2021-05-02, dataNascita=2002-03-13, provincia=LE, stipendio=100000, anniAnzianita=5, amministratore=Y, codDipartimento=1, immagine=null]
2021-05-02 19:35:45,897 INFO i.m.GestioneLogin [http-nio-8080-exec-103] l'utente e' un amministratore,lo sto facendo accedere al panello di amministrazione.
2021-05-02 19:39:55,902 INFO i.m.GestioneLogin [http-nio-8080-exec-7] utente sta accedendo all'applicazione username_utente= Tanase_Sebastian
2021-05-02 19:39:56,566 INFO i.m.DBManager [http-nio-8080-exec-7] Dipendente [codiceDipendente=1, cf=TNSRNOZTCRNSDJNS, nome=Sebastian, cognome=Tanase, username=Tanase_Sebastian, email=sebastiantanase18@gmail.com, phone=3490596202, psw=85417538419a78449dfaf7674eb36fe1, qualifica=dirigenti, dataAssunzione=2021-05-02, dataNascita=2002-03-13, provincia=LE, stipendio=100000, anniAnzianita=5, amministratore=Y, codDipartimento=1, immagine=null]
2021-05-02 19:39:56,566 INFO i.m.GestioneLogin [http-nio-8080-exec-7] l'utente e' un amministratore,lo sto facendo accedere al panello di amministrazione.
2021-05-04 02:30:27,772 INFO i.m.GestioneLogin [http-nio-8080-exec-7] utente sta accedendo all'applicazione username_utente= Tanase_Sebastian
2021-05-04 02:30:28,318 INFO i.m.DBManager [http-nio-8080-exec-7] Dipendente [codiceDipendente=1, cf=TNSRNOZTCRNSDJNS, nome=Sebastian, cognome=Tanase, username=Tanase_Sebastian, email=sebastiantanase18@gmail.com, phone=3490596202, psw=85417538419a78449dfaf7674eb36fe1, qualifica=dirigenti, dataAssunzione=2021-05-02, dataNascita=2002-03-13, provincia=LE, stipendio=100000, anniAnzianita=5, amministratore=Y, codDipartimento=1, immagine=null]
2021-05-04 02:30:28,319 INFO i.m.GestioneLogin [http-nio-8080-exec-7] l'utente e' un amministratore,lo sto facendo accedere al panello di amministrazione.
2021-05-04 02:41:32,307 INFO i.m.GestioneLogin [http-nio-8080-exec-4] utente sta accedendo all'applicazione username_utente= Tanase_Sebastian
2021-05-04 02:41:32,315 INFO i.m.DBManager [http-nio-8080-exec-4] Dipendente [codiceDipendente=1, cf=TNSRNOZTCRNSDJNS, nome=Sebastian, cognome=Tanase, username=Tanase_Sebastian, email=sebastiantanase18@gmail.com, phone=3490596202, psw=85417538419a78449dfaf7674eb36fe1, qualifica=dirigenti, dataAssunzione=2021-05-02, dataNascita=2002-03-13, provincia=LE, stipendio=100000, anniAnzianita=5, amministratore=Y, codDipartimento=1, immagine=null]
2021-05-04 02:41:32,316 INFO i.m.GestioneLogin [http-nio-8080-exec-4] l'utente e' un amministratore,lo sto facendo accedere al panello di amministrazione.
2021-05-04 02:51:08,890 INFO i.m.GestioneLogin [http-nio-8080-exec-14] utente sta accedendo all'applicazione username_utente= Tanase_Sebastian
2021-05-04 02:51:09,183 INFO i.m.DBManager [http-nio-8080-exec-14] Dipendente [codiceDipendente=1, cf=TNSRNOZTCRNSDJNS, nome=Sebastian, cognome=Tanase, username=Tanase_Sebastian, email=sebastiantanase18@gmail.com, phone=3490596202, psw=85417538419a78449dfaf7674eb36fe1, qualifica=dirigenti, dataAssunzione=2021-05-02, dataNascita=2002-03-13, provincia=LE, stipendio=100000, anniAnzianita=5, amministratore=Y, codDipartimento=1, immagine=null]
2021-05-04 02:51:09,183 INFO i.m.GestioneLogin [http-nio-8080-exec-14] l'utente e' un amministratore,lo sto facendo accedere al panello di amministrazione.
2021-05-04 16:57:12,151 INFO i.m.GestioneLogin [http-nio-8080-exec-4] utente sta accedendo all'applicazione username_utente= Tanase_Sebastian
2021-05-04 16:57:12,544 INFO i.m.DBManager [http-nio-8080-exec-4] Dipendente [codiceDipendente=1, cf=TNSRNOZTCRNSDSNS, nome=Sebastian, cognome=Tanase, username=Tanase_Sebastian, email=sebastiantanase18@gmail.com, phone=3490596202, psw=85417538419a78449dfaf7674eb36fe1, qualificaProfessionale=Dirigente, nomeProfessione=Amministratore Delegato, dataAssunzione=2021-05-04, dataNascita=2002-03-13, provincia=LE, stipendio=100000, anniAnzianita=4, amministratore=Y, codDipartimento=1, immagineProfilo=null]
2021-05-04 16:57:12,545 INFO i.m.GestioneLogin [http-nio-8080-exec-4] l'utente e' un amministratore,lo sto facendo accedere al panello di amministrazione.
2021-05-04 22:48:06,978 INFO i.m.GestioneLogin [http-nio-8080-exec-10] utente sta accedendo all'applicazione username_utente= Tanase_Sebastian
2021-05-04 22:48:07,740 INFO i.m.DBManager [http-nio-8080-exec-10] Dipendente [codiceDipendente=1, cf=TNSRNOZTCRNSDSNS, nome=Sebastian, cognome=Tanase, username=Tanase_Sebastian, email=sebastiantanase18@gmail.com, phone=3490596202, psw=85417538419a78449dfaf7674eb36fe1, qualificaProfessionale=Dirigente, nomeProfessione=Amministratore Delegato, dataAssunzione=2021-05-04, dataNascita=2002-03-13, provincia=LE, stipendio=100000, anniAnzianita=4, amministratore=Y, codDipartimento=1, immagineProfilo=null, codiceRegistrazione=0]
2021-05-04 22:48:07,741 INFO i.m.GestioneLogin [http-nio-8080-exec-10] l'utente e' un amministratore,lo sto facendo accedere al panello di amministrazione.
2021-05-04 22:50:50,456 INFO i.m.GestioneLogin [http-nio-8080-exec-4] GJGHGDFJTNFTREJT Sebastian Tanase Tanase_Sebastian reppo@gmail.com 3490596202 null null 1 Dirigente full stack developer 2021-05-12 2002-03-13 LE 40000.03 null
2021-05-04 22:51:56,970 INFO i.m.GestioneLogin [http-nio-8080-exec-9] GJGHGDFJTNFTREJT Sebastian Tanase Tanase_Sebastian reppo@gmail.com 3490596202 null null 1 Dirigente full stack developer 2021-05-12 2002-03-13 LE 40000.03 null
2021-05-04 22:52:08,452 INFO i.m.GestioneLogin [http-nio-8080-exec-6] GJGHGDFJTNFTREJT Sebastian Tanase Tanase_Sebastian reppo@gmail.com 3490596202 null null 1 Dirigente full stack developer 2021-05-12 2002-03-13 LE 40000.03 null
2021-05-04 22:52:17,295 INFO i.m.GestioneLogin [http-nio-8080-exec-5] GJGHGDFJTNFTREJT Sebastian Tanase Tanase_Sebastian reppo@gmail.com 3490596202 null null 1 Dirigente full stack developer 2021-05-12 2002-03-13 LE 40000.03 null
2021-05-04 22:52:23,964 INFO i.m.GestioneLogin [http-nio-8080-exec-10] GJGHGDFJTNFTREJT Sebastian Tanase Tanase_Sebastian reppo@gmail.com 3490596202 null null 1 Dirigente full stack developer 2021-05-12 2002-03-13 LE 40000.03 null
2021-05-04 22:54:55,543 INFO i.m.GestioneLogin [http-nio-8080-exec-9] GJGHGDFJTNFTREJT Sebastian Tanase Tanase_Sebastian reppo@gmail.com 2234232222 null null 1 Dirigente full stack developer 2021-05-19 2021-05-18 LE 23242 null
2021-05-04 23:00:13,055 INFO i.m.GestioneLogin [http-nio-8080-exec-3] GJGHGDFJTNFTREJT Sebastian Tanase Tanase_Sebastian reppo@gmail.com 2234232222 null null 1 Dirigente full stack developer 2021-05-19 2021-05-18 LE 23242 0
2021-05-04 23:00:20,405 INFO i.m.GestioneLogin [http-nio-8080-exec-5] GJGHGDFJTNFTREJT Sebastian Tanase Tanase_Sebastian reppo@gmail.com 2234232222 null null 1 Dirigente full stack developer 2021-05-19 2021-05-18 LE 23242 0
2021-05-04 23:00:28,766 INFO i.m.GestioneLogin [http-nio-8080-exec-10] GJGHGDFJTNFTREJT Sebastian Tanase Tanase_Sebastian reppo@gmail.com 2234232222 null null 1 Dirigente full stack developer 2021-05-19 2021-05-18 LE 23242 0
2021-05-04 23:00:56,181 INFO i.m.GestioneLogin [http-nio-8080-exec-3] GJGHGDFJTNFTREJT Sebastian Tanase Tanase_Sebastian reppo@gmail.com 2234232222 null null 1 Dirigente full stack developer 2021-05-19 2021-05-18 LE 23242 0
2021-05-04 23:01:00,098 INFO i.m.GestioneLogin [http-nio-8080-exec-1] GJGHGDFJTNFTREJT Sebastian Tanase Tanase_Sebastian reppo@gmail.com 2234232222 null null 1 Dirigente full stack developer 2021-05-19 2021-05-18 LE 23242 0
2021-05-04 23:01:12,309 INFO i.m.GestioneLogin [http-nio-8080-exec-2] GJGHGDFJTNFTREJT Sebastian Tanase Tanase_Sebastian reppo@gmail.com 2234232222 null null 1 Dirigente full stack developer 2021-05-19 2021-05-18 LE 23242 0
2021-05-04 23:04:54,621 INFO i.m.GestioneLogin [http-nio-8080-exec-6] GJGHGDFJTNFTREJT Sebastian Tanase Tanase_Sebastian reppo@gmail.com 2234232222 null null 1 Dirigente full stack developer 2021-05-19 2021-05-18 LE 23242 0
2021-05-04 23:04:59,067 INFO i.m.GestioneLogin [http-nio-8080-exec-10] GJGHGDFJTNFTREJT Sebastian Tanase Tanase_Sebastian reppo@gmail.com 2234232222 null null 1 Dirigente full stack developer 2021-05-19 2021-05-18 LE 23242 0
2021-05-04 23:05:38,557 INFO i.m.GestioneLogin [http-nio-8080-exec-1] GJGHGDFJTNFTREJT Sebastian Tanase Tanase_Sebastian reppo@gmail.com 2234232222 null null 1 Dirigente full stack developer 2021-05-19 2021-05-18 LE 23242 N
2021-05-04 23:05:44,274 INFO i.m.GestioneLogin [http-nio-8080-exec-4] GJGHGDFJTNFTREJT Sebastian Tanase Tanase_Sebastian reppo@gmail.com 2234232222 null null 1 Dirigente full stack developer 2021-05-19 2021-05-18 LE 23242 Y
2021-05-04 23:10:21,198 INFO i.m.GestioneLogin [http-nio-8080-exec-4] GJGHGDFJTNFTREJT Sebastian Tanase Tanase_Sebastian reppo@gmail.com 2234232222 null null 1 Dirigente full stack developer 2021-05-19 2021-05-18 LE 23242 Y codiceRegistrazione= vaNG45:^DpHf1efjgMGA
2021-05-04 23:10:53,895 INFO i.m.GestioneLogin [http-nio-8080-exec-1] GJGHGDFJTNFTREJT Sebastian Tanase Tanase_Sebastian reppo@gmail.com 2234232222 null null 1 Dirigente full stack developer 2021-05-19 2021-05-18 LE 23242 Y codiceRegistrazione= pzBT28(;[T!]eW5epF<O
2021-05-04 23:11:02,510 INFO i.m.GestioneLogin [http-nio-8080-exec-11] GJGHGDFJTNFTREJT Sebastian Tanase Tanase_Sebastian reppo@gmail.com 2234232222 null null 1 Dirigente full stack developer 2021-05-19 2021-05-18 LE 23242 Y codiceRegistrazione= ygML53=&IH0Z]H@**Rm8
2021-05-04 23:21:35,960 INFO i.m.GestioneLogin [http-nio-8080-exec-15] Dipendente [codiceDipendente=0, cf=GJGHGDFJTNFTREJT, nome=Sebastian, cognome=Tanase, username=Tanase_Sebastian, email=reppo@gmail.com, phone=2234232222, psw=null, qualificaProfessionale=Dirigente, nomeProfessione=full stack developer, dataAssunzione=2021-05-19, dataNascita=2021-05-18, provincia=LE, stipendio=23242, anniAnzianita=0, amministratore=Y, codDipartimento=1, immagineProfilo=null, codiceRegistrazione=nrFC99}]qoqX3GYr2–O=]
2021-05-05 00:04:43,465 INFO i.m.GestioneLogin [http-nio-8080-exec-42] Dipendente [codiceDipendente=0, cf=GJGHGDFJTNFTREJT, nome=Sebastian, cognome=Tanase, username=Tanase_Sebastian, email=reppo@gmail.com, phone=2234232222, psw=null, qualificaProfessionale=Dirigente, nomeProfessione=full stack developer, dataAssunzione=2021-05-19, dataNascita=2021-05-18, provincia=LE, stipendio=23242, anniAnzianita=0, amministratore=Y, codDipartimento=1, immagineProfilo=null, codiceRegistrazione=vbLC34^#G4')jI22O'Ip]
2021-05-05 00:04:43,497 INFO i.m.GestioneLogin [http-nio-8080-exec-42] username già esistente
2021-05-05 00:10:59,718 INFO i.m.GestioneLogin [http-nio-8080-exec-45] Dipendente [codiceDipendente=0, cf=GJGHGDFJTNFTREJT, nome=Sebastian, cognome=Tanase, username=Tanase_Sebastian, email=reppo@gmail.com, phone=2234232222, psw=null, qualificaProfessionale=Dirigente, nomeProfessione=full stack developer, dataAssunzione=2021-05-26, dataNascita=2021-05-12, provincia=LE, stipendio=23423, anniAnzianita=0, amministratore=Y, codDipartimento=1, immagineProfilo=null, codiceRegistrazione=fsQF58?[iOe$I@7r?0O+]
2021-05-05 00:10:59,727 INFO i.m.GestioneLogin [http-nio-8080-exec-45] username già esistente
2021-05-05 00:12:37,365 INFO i.m.GestioneLogin [http-nio-8080-exec-47] Dipendente [codiceDipendente=0, cf=GJGHGDFJTNFTREJT, nome=Sebastian, cognome=Tanase, username=Tanase_Sebastian, email=reppo@gmail.com, phone=2234232222, psw=null, qualificaProfessionale=Responsabile, nomeProfessione=full stack developer, dataAssunzione=2021-05-19, dataNascita=2021-05-04, provincia=LE, stipendio=23234, anniAnzianita=0, amministratore=Y, codDipartimento=3, immagineProfilo=null, codiceRegistrazione=brAM46!(<U8W$96TR{WW]
2021-05-05 00:12:37,371 INFO i.m.GestioneLogin [http-nio-8080-exec-47] username già esistente
2021-05-05 00:15:08,887 INFO i.m.GestioneLogin [http-nio-8080-exec-44] Dipendente [codiceDipendente=0, cf=GJGHGDFJTNFTREJT, nome=Sebastian, cognome=Tanase, username=Tanase_Sebastian, email=reppo@gmail.com, phone=3490596202, psw=null, qualificaProfessionale=Responsabile, nomeProfessione=full stack developer, dataAssunzione=2021-05-08, dataNascita=2021-05-12, provincia=LE, stipendio=324243, anniAnzianita=0, amministratore=Y, codDipartimento=3, immagineProfilo=null, codiceRegistrazione=vxVX81?<9NDz}&xxc=u[]
2021-05-05 00:15:08,907 INFO i.m.GestioneLogin [http-nio-8080-exec-44] username già esistente
2021-05-05 00:21:17,208 INFO i.m.GestioneLogin [http-nio-8080-exec-55] Dipendente [codiceDipendente=0, cf=GJGHGDFJTNFTREJT, nome=Sebastian, cognome=Tanase, username=Tanase_Sebastian, email=reppo@gmail.com, phone=2234232222, psw=null, qualificaProfessionale=Operaio, nomeProfessione=full stack developer, dataAssunzione=2021-05-26, dataNascita=2021-05-19, provincia=LE, stipendio=0.2, anniAnzianita=0, amministratore=N, codDipartimento=4, immagineProfilo=null, codiceRegistrazione=vrAE97}–>Sx#sk'uV'&7]
2021-05-05 00:21:17,218 INFO i.m.GestioneLogin [http-nio-8080-exec-55] username già esistente
2021-05-05 00:23:00,881 INFO i.m.GestioneLogin [http-nio-8080-exec-58] Dipendente [codiceDipendente=0, cf=GJGHGDFJTNFTREJT, nome=Manufatturiero, cognome=Tanase, username=Tanase_Sebastian, email=reppo@gmail.com, phone=2234232222, psw=null, qualificaProfessionale=Operaio, nomeProfessione=full stack developer, dataAssunzione=2021-05-26, dataNascita=2021-05-18, provincia=LE, stipendio=0.09, anniAnzianita=0, amministratore=Y, codDipartimento=4, immagineProfilo=null, codiceRegistrazione=xaYQ91>/MrX+aIpi)LU#]
2021-05-05 00:23:00,901 INFO i.m.GestioneLogin [http-nio-8080-exec-58] username già esistente
2021-05-05 00:26:17,866 INFO i.m.GestioneLogin [http-nio-8080-exec-65] Dipendente [codiceDipendente=0, cf=GJGHGDFJTNFTREJT, nome=Sebastian, cognome=Tanase, username=Tanase_Sebastian, email=reppo@gmail.com, phone=3490596202, psw=null, qualificaProfessionale=Dirigente, nomeProfessione=full stack developer, dataAssunzione=2021-05-26, dataNascita=2021-05-11, provincia=LE, stipendio=0.07, anniAnzianita=0, amministratore=Y, codDipartimento=2, immagineProfilo=null, codiceRegistrazione=leDS40'*MW6~3t#yp)b*]
2021-05-05 00:26:17,878 INFO i.m.GestioneLogin [http-nio-8080-exec-65] username già esistente
2021-05-05 00:29:44,186 INFO i.m.GestioneLogin [http-nio-8080-exec-68] Dipendente [codiceDipendente=0, cf=GJGHGDFJTNFTREJT, nome=Manufatturiero, cognome=Tanase, username=Tanase_Sebastian, email=reppo@gmail.com, phone=2234232222, psw=null, qualificaProfessionale=Operaio, nomeProfessione=full stack developer, dataAssunzione=2021-05-27, dataNascita=2021-05-03, provincia=LE, stipendio=123123, anniAnzianita=0, amministratore=N, codDipartimento=4, immagineProfilo=null, codiceRegistrazione=ogXJ61])a=O>k@V;WEMl]
2021-05-05 00:29:44,419 INFO i.m.GestioneLogin [http-nio-8080-exec-68] username già esistente
2021-05-05 00:30:57,005 INFO i.m.GestioneLogin [http-nio-8080-exec-66] Dipendente [codiceDipendente=0, cf=GJGHGDFJTNFTREJT, nome=Sebastian, cognome=Tanase, username=Tanase_Sebastian, email=reppo@gmail.com, phone=2234232222, psw=null, qualificaProfessionale=Impiegato, nomeProfessione=full stack developer, dataAssunzione=2021-05-19, dataNascita=2021-06-03, provincia=LE, stipendio=0.03, anniAnzianita=0, amministratore=N, codDipartimento=4, immagineProfilo=null, codiceRegistrazione=xeUF98{+XH–kS+8]–{9N]
2021-05-05 00:30:57,025 INFO i.m.GestioneLogin [http-nio-8080-exec-66] username già esistente
2021-05-05 01:36:30,554 INFO i.m.GestioneLogin [http-nio-8080-exec-120] Dipendente [codiceDipendente=0, cf=GJGHGDFJTNFTREJT, nome=Sebastian, cognome=Tanase, username=tanasese, email=sebastianlaszlo2002@gmail.com, phone=3490596203, psw=null, qualificaProfessionale=Responsabile, nomeProfessione=full stack developer, dataAssunzione=2021-05-11, dataNascita=2021-05-18, provincia=LE, stipendio=35000, anniAnzianita=0, amministratore=Y, codDipartimento=1, immagineProfilo=null, codiceRegistrazione=utKW35;[>&LLl+Id)gj*]
2021-05-05 01:39:47,604 INFO i.m.GestioneLogin [http-nio-8080-exec-139] Dipendente [codiceDipendente=0, cf=GJGHGDFJTNFTREJT, nome=Sebastian, cognome=Tanase, username=tanasese, email=sebastianlaszlo2002@gmail.com, phone=3490596203, psw=null, qualificaProfessionale=Responsabile, nomeProfessione=full stack developer, dataAssunzione=2021-05-11, dataNascita=2021-05-18, provincia=LE, stipendio=35000, anniAnzianita=0, amministratore=Y, codDipartimento=1, immagineProfilo=null, codiceRegistrazione=bfYO89>^j>!Q7AKV)12$]
2021-05-05 01:41:22,906 INFO i.m.GestioneLogin [http-nio-8080-exec-144] Dipendente [codiceDipendente=0, cf=GJGHGDFJTNFTREJT, nome=Sebastian, cognome=Tanase, username=tanasese, email=sebastianlaszlo2002@gmail.com, phone=3490596203, psw=null, qualificaProfessionale=Responsabile, nomeProfessione=full stack developer, dataAssunzione=2021-05-11, dataNascita=2021-05-18, provincia=LE, stipendio=35000, anniAnzianita=0, amministratore=Y, codDipartimento=1, immagineProfilo=null, codiceRegistrazione=mqXE68##[MPTf/Qmkj>n]
2021-05-05 01:41:22,940 INFO i.m.GestioneLogin [http-nio-8080-exec-144] nuovo dipendente inserito con successo nel db
2021-05-05 01:41:26,014 INFO i.m.GestioneLogin [http-nio-8080-exec-144] il dipendente è stato registrato ed è stata mandata l'email per completare la registrazione
2021-05-05 01:48:59,310 INFO i.m.GestioneLogin [http-nio-8080-exec-158] Dipendente [codiceDipendente=0, cf=GJGHGDFJTNFTREJT, nome=Sebastian, cognome=Tanase, username=tanasese, email=sebastianlaszlo2002@gmail.com, phone=3490596203, psw=null, qualificaProfessionale=Responsabile, nomeProfessione=full stack developer, dataAssunzione=2021-05-11, dataNascita=2021-05-18, provincia=LE, stipendio=35000, anniAnzianita=0, amministratore=Y, codDipartimento=1, immagineProfilo=null, codiceRegistrazione=nfUM92?&kTQ3,dOdqJ1k]
2021-05-05 01:48:59,557 INFO i.m.GestioneLogin [http-nio-8080-exec-158] nuovo dipendente inserito con successo nel db
2021-05-05 01:49:01,524 INFO i.m.GestioneLogin [http-nio-8080-exec-158] il dipendente è stato registrato ed è stata mandata l'email per completare la registrazione
2021-05-05 01:58:03,821 INFO i.m.GestioneLogin [http-nio-8080-exec-171] Dipendente [codiceDipendente=0, cf=GJGHGDFJTNFTREJT, nome=Sebastian, cognome=Tanase, username=tanasese, email=sebastianlaszlo2002@gmail.com, phone=3490596203, psw=null, qualificaProfessionale=Responsabile, nomeProfessione=full stack developer, dataAssunzione=2021-05-11, dataNascita=2021-05-18, provincia=LE, stipendio=35000, anniAnzianita=0, amministratore=Y, codDipartimento=1, immagineProfilo=null, codiceRegistrazione=imVV34{[97W$h?^lOp,B]
2021-05-05 01:58:04,190 INFO i.m.GestioneLogin [http-nio-8080-exec-171] nuovo dipendente inserito con successo nel db
2021-05-05 01:58:06,348 INFO i.m.GestioneLogin [http-nio-8080-exec-171] il dipendente è stato registrato ed è stata mandata l'email per completare la registrazione
2021-05-05 02:23:47,589 INFO i.m.GestioneLogin [http-nio-8080-exec-195] un nuovo utente si sta registrando nell'applicazione, utente=tanasese
2021-05-05 02:24:34,659 INFO i.m.GestioneLogin [http-nio-8080-exec-191] un nuovo utente si sta registrando nell'applicazione, utente=tanasese
2021-05-05 02:24:34,890 INFO i.m.DBManager [http-nio-8080-exec-191] Dipendente [codiceDipendente=5, cf=GJGHGDFJTNFTREJT, nome=Sebastian, cognome=Tanase, username=tanasese, email=sebastianlaszlo2002@gmail.com, phone=3490596203, psw=null, qualificaProfessionale=Responsabile, nomeProfessione=full stack developer, dataAssunzione=2021-05-11, dataNascita=2021-05-18, provincia=LE, stipendio=35000, anniAnzianita=0, amministratore=Y, codDipartimento=1, immagineProfilo=null, codiceRegistrazione=db23e0a26e83c18451d4a231c8f1b217]
2021-05-05 02:24:34,891 INFO i.m.GestioneLogin [http-nio-8080-exec-191] l'utente e' un amministratore,lo sto facendo accedere al panello di amministrazione.
2021-05-05 02:32:10,322 INFO i.m.GestioneLogin [http-nio-8080-exec-202] un nuovo utente si sta registrando nell'applicazione, utente=tanasese
2021-05-05 02:32:10,332 INFO i.m.DBManager [http-nio-8080-exec-202] Dipendente [codiceDipendente=5, cf=GJGHGDFJTNFTREJT, nome=Sebastian, cognome=Tanase, username=tanasese, email=sebastianlaszlo2002@gmail.com, phone=3490596203, psw=null, qualificaProfessionale=Responsabile, nomeProfessione=full stack developer, dataAssunzione=2021-05-11, dataNascita=2021-05-18, provincia=LE, stipendio=35000, anniAnzianita=0, amministratore=Y, codDipartimento=1, immagineProfilo=null, codiceRegistrazione=db23e0a26e83c18451d4a231c8f1b217]
2021-05-05 02:32:10,333 INFO i.m.GestioneLogin [http-nio-8080-exec-202] l'utente e' un amministratore,lo sto facendo accedere al panello di amministrazione.
2021-05-05 03:12:28,786 INFO i.m.GestioneLogin [http-nio-8080-exec-222] un nuovo utente si sta registrando nell'applicazione, utente=tanasese
2021-05-05 03:12:28,995 INFO i.m.DBManager [http-nio-8080-exec-222] Dipendente [codiceDipendente=5, cf=GJGHGDFJTNFTREJT, nome=Sebastian, cognome=Tanase, username=tanasese, email=sebastianlaszlo2002@gmail.com, phone=3490596203, psw=null, qualificaProfessionale=Responsabile, nomeProfessione=full stack developer, dataAssunzione=2021-05-11, dataNascita=2021-05-18, provincia=LE, stipendio=35000, anniAnzianita=0, amministratore=Y, codDipartimento=1, immagineProfilo=null, codiceRegistrazione=db23e0a26e83c18451d4a231c8f1b217]
2021-05-05 03:12:28,996 INFO i.m.GestioneLogin [http-nio-8080-exec-222] l'utente e' un amministratore,lo sto facendo accedere al panello di amministrazione.
2021-05-05 03:13:02,962 INFO i.m.GestioneLogin [http-nio-8080-exec-225] un nuovo utente si sta registrando nell'applicazione, utente=tanasese
2021-05-05 03:13:02,968 INFO i.m.DBManager [http-nio-8080-exec-225] Dipendente [codiceDipendente=5, cf=GJGHGDFJTNFTREJT, nome=Sebastian, cognome=Tanase, username=tanasese, email=sebastianlaszlo2002@gmail.com, phone=3490596203, psw=null, qualificaProfessionale=Responsabile, nomeProfessione=full stack developer, dataAssunzione=2021-05-11, dataNascita=2021-05-18, provincia=LE, stipendio=35000, anniAnzianita=0, amministratore=Y, codDipartimento=1, immagineProfilo=null, codiceRegistrazione=db23e0a26e83c18451d4a231c8f1b217]
2021-05-05 03:13:02,970 INFO i.m.GestioneLogin [http-nio-8080-exec-225] l'utente e' un amministratore,lo sto facendo accedere al panello di amministrazione.
2021-05-05 03:13:58,362 INFO i.m.DBManager [http-nio-8080-exec-227] UPDATE Dipendenti SET PSW = md5(?) WHERE Cf = ?
2021-05-05 03:13:58,390 INFO i.m.DBManager [http-nio-8080-exec-227] password modificata 
2021-05-05 03:13:58,391 INFO i.m.DBManager [http-nio-8080-exec-227] UPDATE Dipendenti SET codiceRegistrazione = ? WHERE Cf = ?
2021-05-05 03:13:58,392 INFO i.m.DBManager [http-nio-8080-exec-227] codice registrazione attivato 
2021-05-05 03:24:03,198 INFO i.m.GestioneLogin [http-nio-8080-exec-232] un nuovo utente si sta registrando nell'applicazione, utente=tanasese
2021-05-05 03:24:03,413 INFO i.m.DBManager [http-nio-8080-exec-232] Dipendente [codiceDipendente=5, cf=GJGHGDFJTNFTREJT, nome=Sebastian, cognome=Tanase, username=tanasese, email=sebastianlaszlo2002@gmail.com, phone=3490596203, psw=null, qualificaProfessionale=Responsabile, nomeProfessione=full stack developer, dataAssunzione=2021-05-11, dataNascita=2021-05-18, provincia=LE, stipendio=35000, anniAnzianita=0, amministratore=Y, codDipartimento=1, immagineProfilo=null, codiceRegistrazione=db23e0a26e83c18451d4a231c8f1b217]
2021-05-05 03:24:03,414 INFO i.m.GestioneLogin [http-nio-8080-exec-232] l'utente e' un amministratore,lo sto facendo accedere al panello di amministrazione.
2021-05-05 03:24:28,479 INFO i.m.DBManager [http-nio-8080-exec-235] UPDATE Dipendenti SET pws = md5(?) WHERE Cf = ?
2021-05-05 03:24:28,503 INFO i.m.DBManager [http-nio-8080-exec-235] UPDATE Dipendenti SET codiceRegistrazione = ? WHERE Cf = ?
2021-05-05 03:24:28,504 INFO i.m.DBManager [http-nio-8080-exec-235] codice registrazione attivato 
2021-05-05 03:27:42,220 INFO i.m.GestioneLogin [http-nio-8080-exec-242] un nuovo utente si sta registrando nell'applicazione, utente=tanasese
2021-05-05 03:27:42,438 INFO i.m.GestioneLogin [http-nio-8080-exec-242] utente non riconosciuto,rimando su login.jsp e avviso l'utente delle credenziali probabilmente errate.
2021-05-05 03:28:19,311 INFO i.m.GestioneLogin [http-nio-8080-exec-244] un nuovo utente si sta registrando nell'applicazione, utente=tanasese
2021-05-05 03:28:19,320 INFO i.m.DBManager [http-nio-8080-exec-244] Dipendente [codiceDipendente=5, cf=GJGHGDFJTNFTREJT, nome=Sebastian, cognome=Tanase, username=tanasese, email=sebastianlaszlo2002@gmail.com, phone=3490596203, psw=null, qualificaProfessionale=Responsabile, nomeProfessione=full stack developer, dataAssunzione=2021-05-11, dataNascita=2021-05-18, provincia=LE, stipendio=35000, anniAnzianita=0, amministratore=Y, codDipartimento=1, immagineProfilo=null, codiceRegistrazione=db23e0a26e83c18451d4a231c8f1b217]
2021-05-05 03:28:19,321 INFO i.m.GestioneLogin [http-nio-8080-exec-244] l'utente e' un amministratore,lo sto facendo accedere al panello di amministrazione.
2021-05-05 03:29:49,665 INFO i.m.DBManager [http-nio-8080-exec-247] UPDATE Dipendenti SET psw = md5(?) WHERE Cf = ?
2021-05-05 03:29:49,667 INFO i.m.DBManager [http-nio-8080-exec-247] UPDATE Dipendenti SET codiceRegistrazione = ? WHERE Cf = ?
2021-05-05 03:29:49,667 INFO i.m.DBManager [http-nio-8080-exec-247] codice registrazione attivato 
2021-05-05 03:32:26,063 INFO i.m.GestioneLogin [http-nio-8080-exec-251] un nuovo utente si sta registrando nell'applicazione, utente=tanasese
2021-05-05 03:32:26,077 INFO i.m.DBManager [http-nio-8080-exec-251] Dipendente [codiceDipendente=5, cf=GJGHGDFJTNFTREJT, nome=Sebastian, cognome=Tanase, username=tanasese, email=sebastianlaszlo2002@gmail.com, phone=3490596203, psw=null, qualificaProfessionale=Responsabile, nomeProfessione=full stack developer, dataAssunzione=2021-05-11, dataNascita=2021-05-18, provincia=LE, stipendio=35000, anniAnzianita=0, amministratore=Y, codDipartimento=1, immagineProfilo=null, codiceRegistrazione=db23e0a26e83c18451d4a231c8f1b217]
2021-05-05 03:32:26,079 INFO i.m.GestioneLogin [http-nio-8080-exec-251] l'utente e' un amministratore,lo sto facendo accedere al panello di amministrazione.
2021-05-05 03:34:32,163 INFO i.m.GestioneLogin [http-nio-8080-exec-247] un nuovo utente si sta registrando nell'applicazione, utente=tanasese
2021-05-05 03:34:32,171 INFO i.m.DBManager [http-nio-8080-exec-247] Dipendente [codiceDipendente=5, cf=GJGHGDFJTNFTREJT, nome=Sebastian, cognome=Tanase, username=tanasese, email=sebastianlaszlo2002@gmail.com, phone=3490596203, psw=null, qualificaProfessionale=Responsabile, nomeProfessione=full stack developer, dataAssunzione=2021-05-11, dataNascita=2021-05-18, provincia=LE, stipendio=35000, anniAnzianita=0, amministratore=Y, codDipartimento=1, immagineProfilo=null, codiceRegistrazione=db23e0a26e83c18451d4a231c8f1b217]
2021-05-05 03:34:32,173 INFO i.m.GestioneLogin [http-nio-8080-exec-247] l'utente e' un amministratore,lo sto facendo accedere al panello di amministrazione.
2021-05-05 03:35:10,950 INFO i.m.GestioneLogin [http-nio-8080-exec-245] un nuovo utente si sta registrando nell'applicazione, utente=tanasese
2021-05-05 03:35:10,970 INFO i.m.DBManager [http-nio-8080-exec-245] Dipendente [codiceDipendente=5, cf=GJGHGDFJTNFTREJT, nome=Sebastian, cognome=Tanase, username=tanasese, email=sebastianlaszlo2002@gmail.com, phone=3490596203, psw=null, qualificaProfessionale=Responsabile, nomeProfessione=full stack developer, dataAssunzione=2021-05-11, dataNascita=2021-05-18, provincia=LE, stipendio=35000, anniAnzianita=0, amministratore=Y, codDipartimento=1, immagineProfilo=null, codiceRegistrazione=db23e0a26e83c18451d4a231c8f1b217]
2021-05-05 03:35:10,973 INFO i.m.GestioneLogin [http-nio-8080-exec-245] l'utente e' un amministratore,lo sto facendo accedere al panello di amministrazione.
2021-05-05 03:35:38,403 INFO i.m.DBManager [http-nio-8080-exec-248] UPDATE Dipendenti SET psw = md5(?) WHERE Cf = ?
2021-05-05 03:35:38,407 INFO i.m.DBManager [http-nio-8080-exec-248] UPDATE Dipendenti SET codiceRegistrazione = ? WHERE Cf = ?
2021-05-05 03:35:38,407 INFO i.m.DBManager [http-nio-8080-exec-248] codice registrazione attivato 
2021-05-05 03:37:22,268 INFO i.m.GestioneLogin [http-nio-8080-exec-248] un nuovo utente si sta registrando nell'applicazione, utente=tanasese
2021-05-05 03:37:22,457 INFO i.m.DBManager [http-nio-8080-exec-248] Dipendente [codiceDipendente=5, cf=GJGHGDFJTNFTREJT, nome=Sebastian, cognome=Tanase, username=tanasese, email=sebastianlaszlo2002@gmail.com, phone=3490596203, psw=null, qualificaProfessionale=Responsabile, nomeProfessione=full stack developer, dataAssunzione=2021-05-11, dataNascita=2021-05-18, provincia=LE, stipendio=35000, anniAnzianita=0, amministratore=Y, codDipartimento=1, immagineProfilo=null, codiceRegistrazione=db23e0a26e83c18451d4a231c8f1b217]
2021-05-05 03:37:22,457 INFO i.m.GestioneLogin [http-nio-8080-exec-248] l'utente e' un amministratore,lo sto facendo accedere al panello di amministrazione.
2021-05-05 03:37:54,184 INFO i.m.DBManager [http-nio-8080-exec-254] UPDATE Dipendenti SET psw = md5(?) WHERE Cf = ?
2021-05-05 03:37:54,196 INFO i.m.DBManager [http-nio-8080-exec-254] password modificata 
2021-05-05 03:37:54,198 INFO i.m.DBManager [http-nio-8080-exec-254] UPDATE Dipendenti SET codiceRegistrazione = ? WHERE Cf = ?
2021-05-05 03:37:54,199 INFO i.m.DBManager [http-nio-8080-exec-254] codice registrazione attivato 
2021-05-05 03:41:23,644 INFO i.m.GestioneLogin [http-nio-8080-exec-254] un nuovo utente si sta registrando nell'applicazione, utente=tanasese
2021-05-05 03:41:23,881 INFO i.m.DBManager [http-nio-8080-exec-254] Dipendente [codiceDipendente=5, cf=GJGHGDFJTNFTREJT, nome=Sebastian, cognome=Tanase, username=tanasese, email=sebastianlaszlo2002@gmail.com, phone=3490596203, psw=ef749ff9a048bad0dd80807fc49e1c0d, qualificaProfessionale=Responsabile, nomeProfessione=full stack developer, dataAssunzione=2021-05-11, dataNascita=2021-05-18, provincia=LE, stipendio=35000, anniAnzianita=0, amministratore=Y, codDipartimento=1, immagineProfilo=null, codiceRegistrazione=db23e0a26e83c18451d4a231c8f1b217]
2021-05-05 03:41:23,882 INFO i.m.GestioneLogin [http-nio-8080-exec-254] l'utente e' un amministratore,lo sto facendo accedere al panello di amministrazione.
2021-05-05 03:41:43,113 INFO i.m.DBManager [http-nio-8080-exec-260] com.mysql.cj.jdbc.ClientPreparedStatement: UPDATE Dipendenti SET psw = md5('Password12345') WHERE Cf = 'GJGHGDFJTNFTREJT'
2021-05-05 03:41:43,120 INFO i.m.DBManager [http-nio-8080-exec-260] password modificata 
2021-05-05 03:41:43,120 INFO i.m.DBManager [http-nio-8080-exec-260] com.mysql.cj.jdbc.ClientPreparedStatement: UPDATE Dipendenti SET codiceRegistrazione = 'activated' WHERE Cf = 'GJGHGDFJTNFTREJT'
2021-05-05 03:41:43,121 INFO i.m.DBManager [http-nio-8080-exec-260] codice registrazione attivato 
2021-05-05 03:44:08,643 INFO i.m.GestioneLogin [http-nio-8080-exec-265] un nuovo utente si sta registrando nell'applicazione, utente=tanasese
2021-05-05 03:44:08,844 INFO i.m.DBManager [http-nio-8080-exec-265] Dipendente [codiceDipendente=5, cf=GJGHGDFJTNFTREJT, nome=Sebastian, cognome=Tanase, username=tanasese, email=sebastianlaszlo2002@gmail.com, phone=3490596203, psw=d534b96c9c231037a98126891ec898eb, qualificaProfessionale=Responsabile, nomeProfessione=full stack developer, dataAssunzione=2021-05-11, dataNascita=2021-05-18, provincia=LE, stipendio=35000, anniAnzianita=0, amministratore=Y, codDipartimento=1, immagineProfilo=null, codiceRegistrazione=db23e0a26e83c18451d4a231c8f1b217]
2021-05-05 03:44:08,844 INFO i.m.GestioneLogin [http-nio-8080-exec-265] l'utente e' un amministratore,lo sto facendo accedere al panello di amministrazione.
2021-05-05 03:44:34,754 INFO i.m.DBManager [http-nio-8080-exec-271] com.mysql.cj.jdbc.ClientPreparedStatement: UPDATE Dipendenti SET psw = md5('Password1234') WHERE Cf = 'GJGHGDFJTNFTREJT'
2021-05-05 03:44:34,772 INFO i.m.DBManager [http-nio-8080-exec-271] password modificata 
2021-05-05 03:44:34,775 INFO i.m.DBManager [http-nio-8080-exec-271] com.mysql.cj.jdbc.ClientPreparedStatement: UPDATE Dipendenti SET codiceRegistrazione=NULL WHERE Cf = 'GJGHGDFJTNFTREJT'
2021-05-05 03:44:34,775 INFO i.m.DBManager [http-nio-8080-exec-271] codice registrazione attivato 
2021-05-05 03:50:38,444 INFO i.m.GestioneLogin [http-nio-8080-exec-275] un nuovo utente si sta registrando nell'applicazione, utente=tanasese
2021-05-05 03:50:38,668 INFO i.m.DBManager [http-nio-8080-exec-275] Dipendente [codiceDipendente=5, cf=GJGHGDFJTNFTREJT, nome=Sebastian, cognome=Tanase, username=tanasese, email=sebastianlaszlo2002@gmail.com, phone=3490596203, psw=ef749ff9a048bad0dd80807fc49e1c0d, qualificaProfessionale=Responsabile, nomeProfessione=full stack developer, dataAssunzione=2021-05-11, dataNascita=2021-05-18, provincia=LE, stipendio=35000, anniAnzianita=0, amministratore=Y, codDipartimento=1, immagineProfilo=null, codiceRegistrazione=db23e0a26e83c18451d4a231c8f1b217]
2021-05-05 03:50:38,669 INFO i.m.GestioneLogin [http-nio-8080-exec-275] l'utente e' un amministratore,lo sto facendo accedere al panello di amministrazione.
2021-05-05 03:51:24,026 INFO i.m.DBManager [http-nio-8080-exec-283] com.mysql.cj.jdbc.ClientPreparedStatement: UPDATE Dipendenti SET psw = md5('Password1234') WHERE Cf = 'GJGHGDFJTNFTREJT'
2021-05-05 03:51:24,028 INFO i.m.DBManager [http-nio-8080-exec-283] password modificata 
2021-05-05 03:51:24,029 INFO i.m.DBManager [http-nio-8080-exec-283] com.mysql.cj.jdbc.ClientPreparedStatement: UPDATE Dipendenti SET codiceRegistrazione = 'activated' WHERE Cf = 'GJGHGDFJTNFTREJT'
2021-05-05 03:51:24,036 INFO i.m.DBManager [http-nio-8080-exec-283] codice registrazione attivato 
2021-05-05 03:51:52,034 INFO i.m.GestioneLogin [http-nio-8080-exec-287] utente sta accedendo all'applicazione username_utente= tanasese
2021-05-05 03:51:52,043 INFO i.m.DBManager [http-nio-8080-exec-287] Dipendente [codiceDipendente=5, cf=GJGHGDFJTNFTREJT, nome=Sebastian, cognome=Tanase, username=tanasese, email=sebastianlaszlo2002@gmail.com, phone=3490596203, psw=ef749ff9a048bad0dd80807fc49e1c0d, qualificaProfessionale=Responsabile, nomeProfessione=full stack developer, dataAssunzione=2021-05-11, dataNascita=2021-05-18, provincia=LE, stipendio=35000, anniAnzianita=0, amministratore=Y, codDipartimento=1, immagineProfilo=null, codiceRegistrazione=activated]
2021-05-05 03:51:52,043 INFO i.m.GestioneLogin [http-nio-8080-exec-287] l'utente e' un amministratore,lo sto facendo accedere al panello di amministrazione.
2021-05-05 18:05:46,929 INFO i.m.DBManager [http-nio-8080-exec-43] email false
2021-05-05 18:06:34,892 INFO i.m.DBManager [http-nio-8080-exec-49] email false
2021-05-05 18:06:44,329 INFO i.m.DBManager [http-nio-8080-exec-50] email true
2021-05-05 18:06:44,333 INFO i.m.DBManager [http-nio-8080-exec-50] rimando false il codice Registrazione non risulta essere attivato
2021-05-05 18:08:47,777 INFO i.m.DBManager [http-nio-8080-exec-51] email true
2021-05-05 18:08:47,781 INFO i.m.DBManager [http-nio-8080-exec-51] rimando false il codice Registrazione non risulta essere attivato
2021-05-05 18:10:59,020 INFO i.m.DBManager [http-nio-8080-exec-51] email true
2021-05-05 18:10:59,022 INFO i.m.DBManager [http-nio-8080-exec-51] rimando false il codice Registrazione non risulta essere attivato
2021-05-05 18:14:42,811 INFO i.m.DBManager [http-nio-8080-exec-54] email true
2021-05-05 18:14:42,822 INFO i.m.DBManager [http-nio-8080-exec-54] rimando false il codice Registrazione non risulta essere attivato
2021-05-05 18:16:56,439 INFO i.m.DBManager [http-nio-8080-exec-59] email true
2021-05-05 18:16:56,451 INFO i.m.DBManager [http-nio-8080-exec-59] rimando false il codice Registrazione non risulta essere attivato
2021-05-05 18:17:53,963 INFO i.m.DBManager [http-nio-8080-exec-60] com.mysql.cj.jdbc.ClientPreparedStatement: UPDATE Dipendenti SET psw = md5('Password12345') WHERE email = 'sebastianlaszlo2002@gmail.com'
2021-05-05 18:17:53,969 INFO i.m.DBManager [http-nio-8080-exec-60] password modificata 
2021-05-05 18:18:22,703 INFO i.m.GestioneLogin [http-nio-8080-exec-69] utente sta accedendo all'applicazione username_utente= tanasese
2021-05-05 18:18:22,723 INFO i.m.DBManager [http-nio-8080-exec-69] Dipendente [codiceDipendente=5, cf=GJGHGDFJTNFTREJT, nome=Sebastian, cognome=Tanase, username=tanasese, email=sebastianlaszlo2002@gmail.com, phone=3490596203, psw=d534b96c9c231037a98126891ec898eb, qualificaProfessionale=Responsabile, nomeProfessione=full stack developer, dataAssunzione=2021-05-11, dataNascita=2021-05-18, provincia=LE, stipendio=35000, anniAnzianita=0, amministratore=Y, codDipartimento=1, immagineProfilo=null, codiceRegistrazione=activated]
2021-05-05 18:18:22,724 INFO i.m.GestioneLogin [http-nio-8080-exec-69] l'utente e' un amministratore,lo sto facendo accedere al panello di amministrazione.
2021-05-05 18:52:13,045 INFO i.m.GestioneLogin [http-nio-8080-exec-69] utente sta accedendo all'applicazione username_utente= tanasese
2021-05-05 18:52:13,057 INFO i.m.DBManager [http-nio-8080-exec-69] Dipendente [codiceDipendente=5, cf=GJGHGDFJTNFTREJT, nome=Sebastian, cognome=Tanase, username=tanasese, email=sebastianlaszlo2002@gmail.com, phone=3490596203, psw=d534b96c9c231037a98126891ec898eb, qualificaProfessionale=Responsabile, nomeProfessione=full stack developer, dataAssunzione=2021-05-11, dataNascita=2021-05-18, provincia=LE, stipendio=35000, anniAnzianita=0, amministratore=Y, codDipartimento=1, immagineProfilo=null, codiceRegistrazione=activated]
2021-05-05 18:52:13,058 INFO i.m.GestioneLogin [http-nio-8080-exec-69] l'utente e' un amministratore,lo sto facendo accedere al panello di amministrazione.
2021-05-06 01:59:21,142 INFO i.m.GestioneLogin [http-nio-8080-exec-7] utente sta accedendo all'applicazione username_utente= tanasese
2021-05-06 01:59:22,204 INFO i.m.DBManager [http-nio-8080-exec-7] Dipendente [codiceDipendente=5, cf=GJGHGDFJTNFTREJT, nome=Sebastian, cognome=Tanase, username=tanasese, email=sebastianlaszlo2002@gmail.com, phone=3490596203, psw=d534b96c9c231037a98126891ec898eb, qualificaProfessionale=Responsabile, nomeProfessione=full stack developer, dataAssunzione=2021-05-11, dataNascita=2021-05-18, provincia=LE, stipendio=35000, anniAnzianita=0, amministratore=Y, codDipartimento=1, immagineProfilo=null, codiceRegistrazione=activated]
2021-05-06 01:59:22,204 INFO i.m.GestioneLogin [http-nio-8080-exec-7] l'utente e' un amministratore,lo sto facendo accedere al panello di amministrazione.
2021-05-06 02:37:57,419 INFO i.m.DBManager [http-nio-8080-exec-31] DIPENDENTI CARICATI: 2
2021-05-06 02:41:20,450 INFO i.m.DBManager [http-nio-8080-exec-25] DIPENDENTI CARICATI: 2
2021-05-06 02:44:09,632 INFO i.m.DBManager [http-nio-8080-exec-34] DIPENDENTI CARICATI: 2
2021-05-06 02:44:18,958 INFO i.m.DBManager [http-nio-8080-exec-40] DIPENDENTI CARICATI: 2
2021-05-06 02:44:25,737 INFO i.m.DBManager [http-nio-8080-exec-38] DIPENDENTI CARICATI: 2
2021-05-06 02:45:02,892 INFO i.m.DBManager [http-nio-8080-exec-36] DIPENDENTI CARICATI: 2
2021-05-06 02:45:08,360 INFO i.m.DBManager [http-nio-8080-exec-41] DIPENDENTI CARICATI: 2
2021-05-06 02:48:20,315 INFO i.m.GestioneLogin [http-nio-8080-exec-8] utente sta accedendo all'applicazione username_utente= tanasese
2021-05-06 02:48:20,954 INFO i.m.DBManager [http-nio-8080-exec-8] Dipendente [codiceDipendente=5, cf=GJGHGDFJTNFTREJT, nome=Sebastian, cognome=Tanase, username=tanasese, email=sebastianlaszlo2002@gmail.com, phone=3490596203, psw=d534b96c9c231037a98126891ec898eb, qualificaProfessionale=Responsabile, nomeProfessione=full stack developer, dataAssunzione=2021-05-11, dataNascita=2021-05-18, provincia=LE, stipendio=35000, anniAnzianita=0, amministratore=Y, codDipartimento=1, immagineProfilo=null, codiceRegistrazione=activated]
2021-05-06 02:48:20,954 INFO i.m.GestioneLogin [http-nio-8080-exec-8] l'utente e' un amministratore,lo sto facendo accedere al panello di amministrazione.
2021-05-06 02:48:26,652 INFO i.m.DBManager [http-nio-8080-exec-8] DIPENDENTI CARICATI: 2
2021-05-06 02:53:43,950 INFO i.m.DBManager [http-nio-8080-exec-1] DIPENDENTI CARICATI: 2
2021-05-06 02:53:59,470 INFO i.m.DBManager [http-nio-8080-exec-10] DIPENDENTI CARICATI: 2
2021-05-06 03:04:07,452 INFO i.m.DBManager [http-nio-8080-exec-17] DIPENDENTI CARICATI: 2
2021-05-06 03:04:37,242 INFO i.m.DBManager [http-nio-8080-exec-16] DIPENDENTI CARICATI: 2
2021-05-06 03:21:24,722 INFO i.m.DBManager [http-nio-8080-exec-13] DIPENDENTI CARICATI: 2
